<?xml version="1.0" encoding="UTF-8"?>
<!-- Generated by org.testng.reporters.JUnitXMLReporter -->
<testsuite ignored="0" hostname="MacPower.local" failures="1" tests="3" name="Surefire test" time="15.593" errors="0" timestamp="2025-04-26T08:13:25 MST">
  <testcase classname="io.cucumber.testng.AbstractTestNGCucumberTests" name="runScenario" time="12.581"/>
  <testcase classname="io.cucumber.testng.AbstractTestNGCucumberTests" name="runScenario" time="13.046">
    <failure type="java.lang.AssertionError" message="expected [No data] but found [Beetroot]">
      <![CDATA[java.lang.AssertionError: expected [No data] but found [Beetroot]
at stepDefinitions.OfferPageStepDefinition.validate_productname_matches_Offer_page(OfferPageStepDefinition.java:48)
at ✽.The product name from landing page matches the product on Offer page(file:///Users/ese/eclipse-workspace/CucumberFramework/src/test/java/features/searchProduct.feature:10)
... Removed 6 stack frames]]>
    </failure>
  </testcase> <!-- runScenario -->
  <testcase classname="io.cucumber.testng.AbstractTestNGCucumberTests" name="runScenario" time="14.665"/>
</testsuite> <!-- Surefire test -->
