-------------------------------------------------------------------------------
Test set: Search and Place Order for Products
-------------------------------------------------------------------------------
Tests run: 3, Failures: 1, Errors: 0, Skipped: 0, Time elapsed: 30.006 s <<< FAILURE! - in Search and Place Order for Products
Search and Place Order for Products.Search experience for product is same on Home and Offers page #3  Time elapsed: 9.976 s  <<< FAILURE!
org.junit.ComparisonFailure: expected:<[Beetroot]> but was:<[No data]>

