<?xml version="1.0" encoding="UTF-8"?>
<!-- Generated by org.testng.reporters.JUnitReportReporter -->
<testsuite hostname="MacPower.local" failures="1" tests="1" name="cucumberOptions.FailedTestRunner" time="10.316" errors="0" timestamp="2025-04-25T21:14:08 MST" skipped="0">
  <testcase classname="cucumberOptions.FailedTestRunner" name="runScenario" time="10.316">
    <failure message="expected [No data] but found [Beetroot]" type="java.lang.AssertionError">
      <![CDATA[java.lang.AssertionError: expected [No data] but found [Beetroot]
at org.testng.Assert.fail(Assert.java:111)
at org.testng.Assert.failNotEquals(Assert.java:1590)
at org.testng.Assert.assertEqualsImpl(Assert.java:150)
at org.testng.Assert.assertEquals(Assert.java:132)
at org.testng.Assert.assertEquals(Assert.java:656)
at org.testng.Assert.assertEquals(Assert.java:666)
at stepDefinitions.OfferPageStepDefinition.validate_productname_matches_Offer_page(OfferPageStepDefinition.java:48)
at ✽.The product name from landing page matches the product on Offer page(file:///Users/ese/eclipse-workspace/CucumberFramework/src/test/java/features/searchProduct.feature:10)
]]>
    </failure>
  </testcase> <!-- runScenario -->
</testsuite> <!-- cucumberOptions.FailedTestRunner -->
